<html>
<body>
<pre>
<h1>µVision Build Log</h1>
<h2>Tool Versions:</h2>
IDE-Version: ¦ÌVision V5.38.0.0
Copyright (C) 2022 ARM Ltd and ARM Germany GmbH. All rights reserved.
License Information: 77 zhu_yixiao@outlook.com, SJTU, LIC=LSNXV-PMDC9-2Z0W4-FNFUT-8AHNQ-D5D0I
 
Tool Versions:
Toolchain:       MDK-ARM Plus  Version: 5.38.0.0
Toolchain Path:  C:\Keil_v5\ARM\ARMCLANG\Bin
C Compiler:      ArmClang.exe V6.19
Assembler:       Armasm.exe V6.19
Linker/Locator:  ArmLink.exe V6.19
Library Manager: ArmAr.exe V6.19
Hex Converter:   FromElf.exe V6.19
CPU DLL:         SARMCM3.DLL V5.38.0.0
Dialog DLL:      DCM.DLL V1.17.5.0
Target DLL:      STLink\ST-LINKIII-KEIL_SWO.dll V3.1.0.0
Dialog DLL:      TCM.DLL V1.56.4.0
 
<h2>Project:</h2>
D:\RM_Projects\STM32F427IIH6_DBUS\testcode\MDK-ARM\testcode.uvprojx
Project File Date:  10/12/2024

<h2>Output:</h2>
*** Using Compiler 'V6.19', folder: 'C:\Keil_v5\ARM\ARMCLANG\Bin'
Build target 'testcode'
../Core/Src/dma.c(22): warning: In file included from...
../Core/Inc\dma.h(29): warning: In file included from...
../Core/Inc/main.h(34): warning: In file included from...
../Core/Inc/mapping.h(6): error: macro name missing
#define
       ^
1 error generated.
compiling dma.c...
../Core/Src/gpio.c(22): warning: In file included from...
../Core/Inc\gpio.h(29): warning: In file included from...
../Core/Inc/main.h(34): warning: In file included from...
../Core/Inc/mapping.h(6): error: macro name missing
#define
       ^
1 error generated.
compiling gpio.c...
../Core/Src/stm32f4xx_it.c(21): warning: In file included from...
../Core/Inc\main.h(34): warning: In file included from...
../Core/Inc/mapping.h(6): error: macro name missing
#define
       ^
1 error generated.
compiling stm32f4xx_it.c...
../Core/Src/main.c(20): warning: In file included from...
../Core/Inc\main.h(34): warning: In file included from...
../Core/Inc/mapping.h(6): error: macro name missing
#define
       ^
1 error generated.
compiling main.c...
../Core/Src/usart.c(21): warning: In file included from...
../Core/Inc\usart.h(29): warning: In file included from...
../Core/Inc/main.h(34): warning: In file included from...
../Core/Inc/mapping.h(6): error: macro name missing
#define
       ^
1 error generated.
compiling usart.c...
../Core/Src/mapping.c(4): warning: In file included from...
../Core/Inc\mapping.h(6): error: macro name missing
#define
       ^
../Core/Src/mapping.c(4): warning: In file included from...
../Core/Inc/mapping.h(10): warning: In file included from...
../Core/Inc/main.h(70): error: unknown type name 'RCBottonTypeDef'
    RCBottonTypeDef s1;
    ^
../Core/Inc/main.h(71): error: unknown type name 'RCBottonTypeDef'
    RCBottonTypeDef s2;
    ^
../Core/Inc/main.h(73): error: unknown type name 'RCSwitchTypeDef'
    RCSwitchTypeDef l;
    ^
../Core/Inc/main.h(74): error: unknown type name 'RCSwitchTypeDef'
    RCSwitchTypeDef r;
    ^
5 errors generated.
compiling mapping.c...
../Core/Src/Callback.c(4): warning: In file included from...
../Core/Inc\main.h(34): warning: In file included from...
../Core/Inc/mapping.h(6): error: macro name missing
#define
       ^
1 error generated.
compiling Callback.c...
../Core/Src/stm32f4xx_hal_msp.c(23): warning: In file included from...
../Core/Inc\main.h(34): warning: In file included from...
../Core/Inc/mapping.h(6): error: macro name missing
#define
       ^
1 error generated.
compiling stm32f4xx_hal_msp.c...
"testcode\testcode.axf" - 12 Error(s), 0 Warning(s).

<h2>Software Packages used:</h2>

Package Vendor: ARM
                http://www.keil.com/pack/ARM.CMSIS.5.9.0.pack
                ARM.CMSIS.5.9.0
                CMSIS (Common Microcontroller Software Interface Standard)
   * Component: CORE Version: 5.6.0

Package Vendor: Keil
                http://www.keil.com/pack/Keil.STM32F4xx_DFP.2.16.0.pack
                Keil.STM32F4xx_DFP.2.16.0
                STMicroelectronics STM32F4 Series Device Support, Drivers and Examples

<h2>Collection of Component include folders:</h2>
  ./RTE/_testcode
  C:/Users/zhu_y/AppData/Local/Arm/Packs/ARM/CMSIS/5.9.0/CMSIS/Core/Include
  C:/Users/zhu_y/AppData/Local/Arm/Packs/Keil/STM32F4xx_DFP/2.16.0/Drivers/CMSIS/Device/ST/STM32F4xx/Include

<h2>Collection of Component Files used:</h2>

   * Component: ARM::CMSIS:CORE:5.6.0
      Include file:  CMSIS/Core/Include/tz_context.h
Target not created.
Build Time Elapsed:  00:00:02
</pre>
</body>
</html>
